[debug] [2024-06-20T17:25:51.256Z] ----------------------------------------------------------------------
[debug] [2024-06-20T17:25:51.261Z] Command:       C:\Program Files\nodejs\node.exe C:\Users\William\AppData\Roaming\npm\node_modules\firebase-tools\lib\bin\firebase.js init
[debug] [2024-06-20T17:25:51.261Z] CLI Version:   13.11.2
[debug] [2024-06-20T17:25:51.261Z] Platform:      win32
[debug] [2024-06-20T17:25:51.262Z] Node Version:  v20.11.1
[debug] [2024-06-20T17:25:51.262Z] Time:          Thu Jun 20 2024 13:25:51 GMT-0400 (hora de Venezuela)
[debug] [2024-06-20T17:25:51.262Z] ----------------------------------------------------------------------
[debug] 
[debug] [2024-06-20T17:25:51.268Z] >>> [apiv2][query] GET https://firebase-public.firebaseio.com/cli.json [none]
[debug] [2024-06-20T17:25:51.344Z] > command requires scopes: ["email","openid","https://www.googleapis.com/auth/cloudplatformprojects.readonly","https://www.googleapis.com/auth/firebase","https://www.googleapis.com/auth/cloud-platform"]
[debug] [2024-06-20T17:25:51.345Z] > authorizing via signed-in user (williamggv@gmail.com)
[info] 
     ######## #### ########  ######## ########     ###     ######  ########
     ##        ##  ##     ## ##       ##     ##  ##   ##  ##       ##
     ######    ##  ########  ######   ########  #########  ######  ######
     ##        ##  ##    ##  ##       ##     ## ##     ##       ## ##
     ##       #### ##     ## ######## ########  ##     ##  ######  ########

You're about to initialize a Firebase project in this directory:

  C:\sistema\projects\react\academia

Before we get started, keep in mind:

  * You are currently outside your home directory

[debug] [2024-06-20T17:25:51.625Z] <<< [apiv2][status] GET https://firebase-public.firebaseio.com/cli.json 200
[debug] [2024-06-20T17:25:51.626Z] <<< [apiv2][body] GET https://firebase-public.firebaseio.com/cli.json {"cloudBuildErrorAfter":1594252800000,"cloudBuildWarnAfter":1590019200000,"defaultNode10After":1594252800000,"minVersion":"3.0.5","node8DeploysDisabledAfter":1613390400000,"node8RuntimeDisabledAfter":1615809600000,"node8WarnAfter":1600128000000}
